0 info it worked if it ends with ok
1 verbose cli [ '/usr/bin/nodejs', '/usr/local/bin/npm', 'run', 'test' ]
2 info using npm@3.10.8
3 info using node@v7.10.1
4 verbose run-script [ 'pretest', 'test', 'posttest' ]
5 info lifecycle kit-repl@0.0.2~pretest: kit-repl@0.0.2
6 silly lifecycle kit-repl@0.0.2~pretest: no script for pretest, continuing
7 info lifecycle kit-repl@0.0.2~test: kit-repl@0.0.2
8 verbose lifecycle kit-repl@0.0.2~test: unsafe-perm in lifecycle true
9 verbose lifecycle kit-repl@0.0.2~test: PATH: /usr/local/lib/node_modules/npm/bin/node-gyp-bin:/home/aaron/devel/groups/mine/kit-repl/node_modules/.bin:/home/aaron/bin:/usr/local/bin:/usr/bin:/bin:/usr/local/games:/usr/games:/usr/lib/jvm/java-8-oracle/bin:/usr/lib/jvm/java-8-oracle/db/bin:/usr/lib/jvm/java-8-oracle/jre/bin
10 verbose lifecycle kit-repl@0.0.2~test: CWD: /home/aaron/devel/groups/mine/kit-repl
11 silly lifecycle kit-repl@0.0.2~test: Args: [ '-c', 'sibilant -x cli.sibilant' ]
12 silly lifecycle kit-repl@0.0.2~test: Returned: code: 1  signal: null
13 info lifecycle kit-repl@0.0.2~test: Failed to exec test script
14 verbose stack Error: kit-repl@0.0.2 test: `sibilant -x cli.sibilant`
14 verbose stack Exit status 1
14 verbose stack     at EventEmitter.<anonymous> (/usr/local/lib/node_modules/npm/lib/utils/lifecycle.js:255:16)
14 verbose stack     at emitTwo (events.js:106:13)
14 verbose stack     at EventEmitter.emit (events.js:194:7)
14 verbose stack     at ChildProcess.<anonymous> (/usr/local/lib/node_modules/npm/lib/utils/spawn.js:40:14)
14 verbose stack     at emitTwo (events.js:106:13)
14 verbose stack     at ChildProcess.emit (events.js:194:7)
14 verbose stack     at maybeClose (internal/child_process.js:899:16)
14 verbose stack     at Process.ChildProcess._handle.onexit (internal/child_process.js:226:5)
15 verbose pkgid kit-repl@0.0.2
16 verbose cwd /home/aaron/devel/groups/mine/kit-repl
17 error Linux 3.16.0-4-amd64
18 error argv "/usr/bin/nodejs" "/usr/local/bin/npm" "run" "test"
19 error node v7.10.1
20 error npm  v3.10.8
21 error code ELIFECYCLE
22 error kit-repl@0.0.2 test: `sibilant -x cli.sibilant`
22 error Exit status 1
23 error Failed at the kit-repl@0.0.2 test script 'sibilant -x cli.sibilant'.
23 error Make sure you have the latest version of node.js and npm installed.
23 error If you do, this is most likely a problem with the kit-repl package,
23 error not with npm itself.
23 error Tell the author that this fails on your system:
23 error     sibilant -x cli.sibilant
23 error You can get information on how to open an issue for this project with:
23 error     npm bugs kit-repl
23 error Or if that isn't available, you can get their info via:
23 error     npm owner ls kit-repl
23 error There is likely additional logging output above.
24 verbose exit [ 1, true ]
